2025-12-09 13:24:46 | User: admin | Status: FAILED | IP: ::1
2025-12-09 13:24:52 | User: admin | Status: SUCCESS | IP: ::1
2025-12-09 13:50:48 | User: admin | Status: FAILED | IP: ::1
2025-12-09 13:50:55 | User: admin | Status: SUCCESS | IP: ::1
2025-12-09 16:31:09 | User: admin | Status: FAILED | IP: ::1
2025-12-09 16:31:16 | User: admin | Status: SUCCESS | IP: ::1
2025-12-09 16:37:01 | User: GVdemo | Status: FAILED | IP: ::1
2025-12-09 16:37:13 | User: GV01 | Status: FAILED | IP: ::1
2025-12-09 16:38:30 | User: giaduy | Status: SUCCESS | IP: ::1
2025-12-09 16:40:10 | User: giaduy | Status: SUCCESS | IP: ::1
2025-12-09 16:50:05 | User: TuyenND | Status: SUCCESS | IP: ::1
2025-12-09 16:50:59 | User: TuyenND | Status: SUCCESS | IP: ::1
2025-12-09 16:52:47 | User: TuyenND | Status: SUCCESS | IP: ::1
2025-12-09 16:56:08 | User: admin | Status: FAILED | IP: ::1
2025-12-09 16:56:14 | User: admin | Status: SUCCESS | IP: ::1
2025-12-09 16:56:34 | User: TuyenND | Status: SUCCESS | IP: ::1
2025-12-09 16:57:23 | User: admin | Status: SUCCESS | IP: ::1
2025-12-09 17:17:59 | User: admin | Status: FAILED | IP: ::1
2025-12-09 17:18:04 | User: admin | Status: SUCCESS | IP: ::1
2025-12-09 17:18:36 | User: giaduy | Status: SUCCESS | IP: ::1
2025-12-09 17:19:09 | User: admin | Status: SUCCESS | IP: ::1
2025-12-09 20:36:24 | User: giaduy | Status: SUCCESS | IP: ::1
2025-12-09 20:37:33 | User: admin | Status: SUCCESS | IP: ::1
2025-12-09 20:40:10 | User: giaduy | Status: SUCCESS | IP: ::1
2025-12-09 20:41:33 | User: admin | Status: SUCCESS | IP: ::1
2025-12-09 20:46:50 | User: giaduy | Status: SUCCESS | IP: ::1
2025-12-09 20:58:04 | User: admin | Status: SUCCESS | IP: ::1
2025-12-09 21:00:39 | User: giaduy | Status: SUCCESS | IP: ::1
2025-12-09 21:07:11 | User: giaduy | Status: SUCCESS | IP: ::1
2025-12-09 21:11:01 | User: giaduy | Status: SUCCESS | IP: ::1
2025-12-09 21:16:47 | User: giaduy | Status: SUCCESS | IP: ::1
